15-May-2023 04:51:57.204 INFO [main] org.apache.catalina.startup.VersionLoggerListener.log Server version name:   Apache Tomcat/9.0.75
15-May-2023 04:51:57.206 INFO [main] org.apache.catalina.startup.VersionLoggerListener.log Server built:          May 4 2023 13:04:05 UTC
15-May-2023 04:51:57.206 INFO [main] org.apache.catalina.startup.VersionLoggerListener.log Server version number: 9.0.75.0
15-May-2023 04:51:57.206 INFO [main] org.apache.catalina.startup.VersionLoggerListener.log OS Name:               Linux
15-May-2023 04:51:57.207 INFO [main] org.apache.catalina.startup.VersionLoggerListener.log OS Version:            6.1.25-37.47.amzn2023.x86_64
15-May-2023 04:51:57.207 INFO [main] org.apache.catalina.startup.VersionLoggerListener.log Architecture:          amd64
15-May-2023 04:51:57.207 INFO [main] org.apache.catalina.startup.VersionLoggerListener.log Java Home:             /usr/lib/jvm/java-1.8.0-amazon-corretto.x86_64/jre
15-May-2023 04:51:57.207 INFO [main] org.apache.catalina.startup.VersionLoggerListener.log JVM Version:           1.8.0_372-b07
15-May-2023 04:51:57.208 INFO [main] org.apache.catalina.startup.VersionLoggerListener.log JVM Vendor:            Amazon.com Inc.
15-May-2023 04:51:57.208 INFO [main] org.apache.catalina.startup.VersionLoggerListener.log CATALINA_BASE:         /home/ec2-user/apache-tomcat-9.0.75
15-May-2023 04:51:57.208 INFO [main] org.apache.catalina.startup.VersionLoggerListener.log CATALINA_HOME:         /home/ec2-user/apache-tomcat-9.0.75
15-May-2023 04:51:57.215 INFO [main] org.apache.catalina.startup.VersionLoggerListener.log Command line argument: -Djava.util.logging.config.file=/home/ec2-user/apache-tomcat-9.0.75/conf/logging.properties
15-May-2023 04:51:57.215 INFO [main] org.apache.catalina.startup.VersionLoggerListener.log Command line argument: -Djava.util.logging.manager=org.apache.juli.ClassLoaderLogManager
15-May-2023 04:51:57.215 INFO [main] org.apache.catalina.startup.VersionLoggerListener.log Command line argument: -Djdk.tls.ephemeralDHKeySize=2048
15-May-2023 04:51:57.215 INFO [main] org.apache.catalina.startup.VersionLoggerListener.log Command line argument: -Djava.protocol.handler.pkgs=org.apache.catalina.webresources
15-May-2023 04:51:57.215 INFO [main] org.apache.catalina.startup.VersionLoggerListener.log Command line argument: -Dorg.apache.catalina.security.SecurityListener.UMASK=0027
15-May-2023 04:51:57.215 INFO [main] org.apache.catalina.startup.VersionLoggerListener.log Command line argument: -Dignore.endorsed.dirs=
15-May-2023 04:51:57.215 INFO [main] org.apache.catalina.startup.VersionLoggerListener.log Command line argument: -Dcatalina.base=/home/ec2-user/apache-tomcat-9.0.75
15-May-2023 04:51:57.215 INFO [main] org.apache.catalina.startup.VersionLoggerListener.log Command line argument: -Dcatalina.home=/home/ec2-user/apache-tomcat-9.0.75
15-May-2023 04:51:57.215 INFO [main] org.apache.catalina.startup.VersionLoggerListener.log Command line argument: -Djava.io.tmpdir=/home/ec2-user/apache-tomcat-9.0.75/temp
15-May-2023 04:51:57.217 INFO [main] org.apache.catalina.core.AprLifecycleListener.lifecycleEvent The Apache Tomcat Native library which allows using OpenSSL was not found on the java.library.path: [/usr/java/packages/lib/amd64:/usr/lib64:/lib64:/lib:/usr/lib]
15-May-2023 04:51:57.895 INFO [main] org.apache.coyote.AbstractProtocol.init Initializing ProtocolHandler ["http-nio-8080"]
15-May-2023 04:51:57.947 INFO [main] org.apache.catalina.startup.Catalina.load Server initialization in [1098] milliseconds
15-May-2023 04:51:58.008 INFO [main] org.apache.catalina.core.StandardService.startInternal Starting service [Catalina]
15-May-2023 04:51:58.011 INFO [main] org.apache.catalina.core.StandardEngine.startInternal Starting Servlet engine: [Apache Tomcat/9.0.75]
15-May-2023 04:51:58.034 INFO [main] org.apache.catalina.startup.HostConfig.deployDirectory Deploying web application directory [/home/ec2-user/apache-tomcat-9.0.75/webapps/ROOT]
15-May-2023 04:51:58.525 INFO [main] org.apache.catalina.startup.HostConfig.deployDirectory Deployment of web application directory [/home/ec2-user/apache-tomcat-9.0.75/webapps/ROOT] has finished in [492] ms
15-May-2023 04:51:58.528 INFO [main] org.apache.catalina.startup.HostConfig.deployDirectory Deploying web application directory [/home/ec2-user/apache-tomcat-9.0.75/webapps/docs]
15-May-2023 04:51:58.559 INFO [main] org.apache.catalina.startup.HostConfig.deployDirectory Deployment of web application directory [/home/ec2-user/apache-tomcat-9.0.75/webapps/docs] has finished in [31] ms
15-May-2023 04:51:58.569 INFO [main] org.apache.catalina.startup.HostConfig.deployDirectory Deploying web application directory [/home/ec2-user/apache-tomcat-9.0.75/webapps/examples]
15-May-2023 04:51:59.042 INFO [main] org.apache.catalina.startup.HostConfig.deployDirectory Deployment of web application directory [/home/ec2-user/apache-tomcat-9.0.75/webapps/examples] has finished in [473] ms
15-May-2023 04:51:59.043 INFO [main] org.apache.catalina.startup.HostConfig.deployDirectory Deploying web application directory [/home/ec2-user/apache-tomcat-9.0.75/webapps/host-manager]
15-May-2023 04:51:59.090 INFO [main] org.apache.catalina.startup.HostConfig.deployDirectory Deployment of web application directory [/home/ec2-user/apache-tomcat-9.0.75/webapps/host-manager] has finished in [46] ms
15-May-2023 04:51:59.090 INFO [main] org.apache.catalina.startup.HostConfig.deployDirectory Deploying web application directory [/home/ec2-user/apache-tomcat-9.0.75/webapps/manager]
15-May-2023 04:51:59.162 INFO [main] org.apache.catalina.startup.HostConfig.deployDirectory Deployment of web application directory [/home/ec2-user/apache-tomcat-9.0.75/webapps/manager] has finished in [71] ms
15-May-2023 04:51:59.165 INFO [main] org.apache.coyote.AbstractProtocol.start Starting ProtocolHandler ["http-nio-8080"]
15-May-2023 04:51:59.202 INFO [main] org.apache.catalina.startup.Catalina.start Server startup in [1254] milliseconds
15-May-2023 05:17:15.412 INFO [main] org.apache.catalina.startup.VersionLoggerListener.log Server version name:   Apache Tomcat/9.0.75
15-May-2023 05:17:15.416 INFO [main] org.apache.catalina.startup.VersionLoggerListener.log Server built:          May 4 2023 13:04:05 UTC
15-May-2023 05:17:15.416 INFO [main] org.apache.catalina.startup.VersionLoggerListener.log Server version number: 9.0.75.0
15-May-2023 05:17:15.416 INFO [main] org.apache.catalina.startup.VersionLoggerListener.log OS Name:               Linux
15-May-2023 05:17:15.417 INFO [main] org.apache.catalina.startup.VersionLoggerListener.log OS Version:            6.1.25-37.47.amzn2023.x86_64
15-May-2023 05:17:15.417 INFO [main] org.apache.catalina.startup.VersionLoggerListener.log Architecture:          amd64
15-May-2023 05:17:15.417 INFO [main] org.apache.catalina.startup.VersionLoggerListener.log Java Home:             /usr/lib/jvm/java-1.8.0-amazon-corretto.x86_64/jre
15-May-2023 05:17:15.417 INFO [main] org.apache.catalina.startup.VersionLoggerListener.log JVM Version:           1.8.0_372-b07
15-May-2023 05:17:15.417 INFO [main] org.apache.catalina.startup.VersionLoggerListener.log JVM Vendor:            Amazon.com Inc.
15-May-2023 05:17:15.420 INFO [main] org.apache.catalina.startup.VersionLoggerListener.log CATALINA_BASE:         /home/ec2-user/apache-tomcat-9.0.75
15-May-2023 05:17:15.420 INFO [main] org.apache.catalina.startup.VersionLoggerListener.log CATALINA_HOME:         /home/ec2-user/apache-tomcat-9.0.75
15-May-2023 05:17:15.421 INFO [main] org.apache.catalina.startup.VersionLoggerListener.log Command line argument: -Djava.util.logging.config.file=/home/ec2-user/apache-tomcat-9.0.75/conf/logging.properties
15-May-2023 05:17:15.421 INFO [main] org.apache.catalina.startup.VersionLoggerListener.log Command line argument: -Djava.util.logging.manager=org.apache.juli.ClassLoaderLogManager
15-May-2023 05:17:15.421 INFO [main] org.apache.catalina.startup.VersionLoggerListener.log Command line argument: -Djdk.tls.ephemeralDHKeySize=2048
15-May-2023 05:17:15.421 INFO [main] org.apache.catalina.startup.VersionLoggerListener.log Command line argument: -Djava.protocol.handler.pkgs=org.apache.catalina.webresources
15-May-2023 05:17:15.421 INFO [main] org.apache.catalina.startup.VersionLoggerListener.log Command line argument: -Dorg.apache.catalina.security.SecurityListener.UMASK=0027
15-May-2023 05:17:15.421 INFO [main] org.apache.catalina.startup.VersionLoggerListener.log Command line argument: -Dignore.endorsed.dirs=
15-May-2023 05:17:15.422 INFO [main] org.apache.catalina.startup.VersionLoggerListener.log Command line argument: -Dcatalina.base=/home/ec2-user/apache-tomcat-9.0.75
15-May-2023 05:17:15.422 INFO [main] org.apache.catalina.startup.VersionLoggerListener.log Command line argument: -Dcatalina.home=/home/ec2-user/apache-tomcat-9.0.75
15-May-2023 05:17:15.422 INFO [main] org.apache.catalina.startup.VersionLoggerListener.log Command line argument: -Djava.io.tmpdir=/home/ec2-user/apache-tomcat-9.0.75/temp
15-May-2023 05:17:15.423 INFO [main] org.apache.catalina.core.AprLifecycleListener.lifecycleEvent The Apache Tomcat Native library which allows using OpenSSL was not found on the java.library.path: [/usr/java/packages/lib/amd64:/usr/lib64:/lib64:/lib:/usr/lib]
15-May-2023 05:17:16.151 INFO [main] org.apache.coyote.AbstractProtocol.init Initializing ProtocolHandler ["http-nio-8080"]
15-May-2023 05:17:16.176 SEVERE [main] org.apache.catalina.util.LifecycleBase.handleSubClassException Failed to initialize component [Connector[HTTP/1.1-8080]]
	org.apache.catalina.LifecycleException: Protocol handler initialization failed
		at org.apache.catalina.connector.Connector.initInternal(Connector.java:1014)
		at org.apache.catalina.util.LifecycleBase.init(LifecycleBase.java:136)
		at org.apache.catalina.core.StandardService.initInternal(StandardService.java:549)
		at org.apache.catalina.util.LifecycleBase.init(LifecycleBase.java:136)
		at org.apache.catalina.core.StandardServer.initInternal(StandardServer.java:1028)
		at org.apache.catalina.util.LifecycleBase.init(LifecycleBase.java:136)
		at org.apache.catalina.startup.Catalina.load(Catalina.java:724)
		at org.apache.catalina.startup.Catalina.load(Catalina.java:746)
		at sun.reflect.NativeMethodAccessorImpl.invoke0(Native Method)
		at sun.reflect.NativeMethodAccessorImpl.invoke(NativeMethodAccessorImpl.java:62)
		at sun.reflect.DelegatingMethodAccessorImpl.invoke(DelegatingMethodAccessorImpl.java:43)
		at java.lang.reflect.Method.invoke(Method.java:498)
		at org.apache.catalina.startup.Bootstrap.load(Bootstrap.java:307)
		at org.apache.catalina.startup.Bootstrap.main(Bootstrap.java:477)
	Caused by: java.net.BindException: Address already in use
		at sun.nio.ch.Net.bind0(Native Method)
		at sun.nio.ch.Net.bind(Net.java:461)
		at sun.nio.ch.Net.bind(Net.java:453)
		at sun.nio.ch.ServerSocketChannelImpl.bind(ServerSocketChannelImpl.java:222)
		at org.apache.tomcat.util.net.NioEndpoint.initServerSocket(NioEndpoint.java:276)
		at org.apache.tomcat.util.net.NioEndpoint.bind(NioEndpoint.java:231)
		at org.apache.tomcat.util.net.AbstractEndpoint.bindWithCleanup(AbstractEndpoint.java:1302)
		at org.apache.tomcat.util.net.AbstractEndpoint.init(AbstractEndpoint.java:1315)
		at org.apache.coyote.AbstractProtocol.init(AbstractProtocol.java:652)
		at org.apache.coyote.http11.AbstractHttp11Protocol.init(AbstractHttp11Protocol.java:75)
		at org.apache.catalina.connector.Connector.initInternal(Connector.java:1012)
		... 13 more
15-May-2023 05:17:16.181 INFO [main] org.apache.catalina.startup.Catalina.load Server initialization in [1137] milliseconds
15-May-2023 05:17:16.251 INFO [main] org.apache.catalina.core.StandardService.startInternal Starting service [Catalina]
15-May-2023 05:17:16.261 INFO [main] org.apache.catalina.core.StandardEngine.startInternal Starting Servlet engine: [Apache Tomcat/9.0.75]
15-May-2023 05:17:16.273 INFO [main] org.apache.catalina.startup.HostConfig.deployDirectory Deploying web application directory [/home/ec2-user/apache-tomcat-9.0.75/webapps/ROOT]
15-May-2023 05:17:16.770 INFO [main] org.apache.catalina.startup.HostConfig.deployDirectory Deployment of web application directory [/home/ec2-user/apache-tomcat-9.0.75/webapps/ROOT] has finished in [492] ms
15-May-2023 05:17:16.771 INFO [main] org.apache.catalina.startup.HostConfig.deployDirectory Deploying web application directory [/home/ec2-user/apache-tomcat-9.0.75/webapps/docs]
15-May-2023 05:17:16.841 INFO [main] org.apache.catalina.startup.HostConfig.deployDirectory Deployment of web application directory [/home/ec2-user/apache-tomcat-9.0.75/webapps/docs] has finished in [70] ms
15-May-2023 05:17:16.841 INFO [main] org.apache.catalina.startup.HostConfig.deployDirectory Deploying web application directory [/home/ec2-user/apache-tomcat-9.0.75/webapps/examples]
15-May-2023 05:17:17.306 INFO [main] org.apache.catalina.startup.HostConfig.deployDirectory Deployment of web application directory [/home/ec2-user/apache-tomcat-9.0.75/webapps/examples] has finished in [465] ms
15-May-2023 05:17:17.311 INFO [main] org.apache.catalina.startup.HostConfig.deployDirectory Deploying web application directory [/home/ec2-user/apache-tomcat-9.0.75/webapps/host-manager]
15-May-2023 05:17:17.358 INFO [main] org.apache.catalina.startup.HostConfig.deployDirectory Deployment of web application directory [/home/ec2-user/apache-tomcat-9.0.75/webapps/host-manager] has finished in [47] ms
15-May-2023 05:17:17.358 INFO [main] org.apache.catalina.startup.HostConfig.deployDirectory Deploying web application directory [/home/ec2-user/apache-tomcat-9.0.75/webapps/manager]
15-May-2023 05:17:17.431 INFO [main] org.apache.catalina.startup.HostConfig.deployDirectory Deployment of web application directory [/home/ec2-user/apache-tomcat-9.0.75/webapps/manager] has finished in [73] ms
15-May-2023 05:17:17.436 INFO [main] org.apache.catalina.startup.Catalina.start Server startup in [1254] milliseconds
15-May-2023 05:17:17.438 SEVERE [main] org.apache.catalina.core.StandardServer.await Failed to create server shutdown socket on address [localhost] and port [8005] (base port [8005] and offset [0])
	java.net.BindException: Address already in use (Bind failed)
		at java.net.PlainSocketImpl.socketBind(Native Method)
		at java.net.AbstractPlainSocketImpl.bind(AbstractPlainSocketImpl.java:387)
		at java.net.ServerSocket.bind(ServerSocket.java:390)
		at java.net.ServerSocket.<init>(ServerSocket.java:252)
		at org.apache.catalina.core.StandardServer.await(StandardServer.java:580)
		at org.apache.catalina.startup.Catalina.await(Catalina.java:864)
		at org.apache.catalina.startup.Catalina.start(Catalina.java:810)
		at sun.reflect.NativeMethodAccessorImpl.invoke0(Native Method)
		at sun.reflect.NativeMethodAccessorImpl.invoke(NativeMethodAccessorImpl.java:62)
		at sun.reflect.DelegatingMethodAccessorImpl.invoke(DelegatingMethodAccessorImpl.java:43)
		at java.lang.reflect.Method.invoke(Method.java:498)
		at org.apache.catalina.startup.Bootstrap.start(Bootstrap.java:347)
		at org.apache.catalina.startup.Bootstrap.main(Bootstrap.java:478)
15-May-2023 05:17:17.439 INFO [main] org.apache.coyote.AbstractProtocol.pause Pausing ProtocolHandler ["http-nio-8080"]
15-May-2023 05:17:17.439 INFO [main] org.apache.catalina.core.StandardService.stopInternal Stopping service [Catalina]
15-May-2023 05:17:17.482 INFO [main] org.apache.coyote.AbstractProtocol.stop Stopping ProtocolHandler ["http-nio-8080"]
15-May-2023 05:17:17.483 INFO [main] org.apache.coyote.AbstractProtocol.destroy Destroying ProtocolHandler ["http-nio-8080"]
15-May-2023 05:22:29.401 INFO [Catalina-utility-1] org.apache.catalina.startup.HostConfig.undeploy Undeploying context [/manager]
15-May-2023 05:22:29.431 INFO [Catalina-utility-1] org.apache.catalina.startup.HostConfig.deployDirectory Deploying web application directory [/home/ec2-user/apache-tomcat-9.0.75/webapps/manager]
15-May-2023 05:22:29.467 INFO [Catalina-utility-1] org.apache.catalina.startup.HostConfig.deployDirectory Deployment of web application directory [/home/ec2-user/apache-tomcat-9.0.75/webapps/manager] has finished in [36] ms
15-May-2023 05:22:39.468 INFO [Catalina-utility-2] org.apache.catalina.startup.HostConfig.undeploy Undeploying context [/manager]
15-May-2023 05:22:39.480 INFO [Catalina-utility-2] org.apache.catalina.startup.HostConfig.deployDirectory Deploying web application directory [/home/ec2-user/apache-tomcat-9.0.75/webapps/manager]
15-May-2023 05:22:39.532 INFO [Catalina-utility-2] org.apache.catalina.startup.HostConfig.deployDirectory Deployment of web application directory [/home/ec2-user/apache-tomcat-9.0.75/webapps/manager] has finished in [52] ms
15-May-2023 05:25:49.551 INFO [Catalina-utility-1] org.apache.catalina.users.MemoryUserDatabase.backgroundProcess Reloading memory user database [UserDatabase] from updated source [file:/home/ec2-user/apache-tomcat-9.0.75/conf/tomcat-users.xml]
15-May-2023 05:25:59.555 INFO [Catalina-utility-1] org.apache.catalina.users.MemoryUserDatabase.backgroundProcess Reloading memory user database [UserDatabase] from updated source [file:/home/ec2-user/apache-tomcat-9.0.75/conf/tomcat-users.xml]
15-May-2023 05:27:17.733 INFO [main] org.apache.catalina.startup.VersionLoggerListener.log Server version name:   Apache Tomcat/9.0.75
15-May-2023 05:27:17.736 INFO [main] org.apache.catalina.startup.VersionLoggerListener.log Server built:          May 4 2023 13:04:05 UTC
15-May-2023 05:27:17.736 INFO [main] org.apache.catalina.startup.VersionLoggerListener.log Server version number: 9.0.75.0
15-May-2023 05:27:17.736 INFO [main] org.apache.catalina.startup.VersionLoggerListener.log OS Name:               Linux
15-May-2023 05:27:17.737 INFO [main] org.apache.catalina.startup.VersionLoggerListener.log OS Version:            6.1.25-37.47.amzn2023.x86_64
15-May-2023 05:27:17.737 INFO [main] org.apache.catalina.startup.VersionLoggerListener.log Architecture:          amd64
15-May-2023 05:27:17.737 INFO [main] org.apache.catalina.startup.VersionLoggerListener.log Java Home:             /usr/lib/jvm/java-1.8.0-amazon-corretto.x86_64/jre
15-May-2023 05:27:17.737 INFO [main] org.apache.catalina.startup.VersionLoggerListener.log JVM Version:           1.8.0_372-b07
15-May-2023 05:27:17.737 INFO [main] org.apache.catalina.startup.VersionLoggerListener.log JVM Vendor:            Amazon.com Inc.
15-May-2023 05:27:17.740 INFO [main] org.apache.catalina.startup.VersionLoggerListener.log CATALINA_BASE:         /home/ec2-user/apache-tomcat-9.0.75
15-May-2023 05:27:17.740 INFO [main] org.apache.catalina.startup.VersionLoggerListener.log CATALINA_HOME:         /home/ec2-user/apache-tomcat-9.0.75
15-May-2023 05:27:17.741 INFO [main] org.apache.catalina.startup.VersionLoggerListener.log Command line argument: -Djava.util.logging.config.file=/home/ec2-user/apache-tomcat-9.0.75/conf/logging.properties
15-May-2023 05:27:17.741 INFO [main] org.apache.catalina.startup.VersionLoggerListener.log Command line argument: -Djava.util.logging.manager=org.apache.juli.ClassLoaderLogManager
15-May-2023 05:27:17.741 INFO [main] org.apache.catalina.startup.VersionLoggerListener.log Command line argument: -Djdk.tls.ephemeralDHKeySize=2048
15-May-2023 05:27:17.741 INFO [main] org.apache.catalina.startup.VersionLoggerListener.log Command line argument: -Djava.protocol.handler.pkgs=org.apache.catalina.webresources
15-May-2023 05:27:17.741 INFO [main] org.apache.catalina.startup.VersionLoggerListener.log Command line argument: -Dorg.apache.catalina.security.SecurityListener.UMASK=0027
15-May-2023 05:27:17.741 INFO [main] org.apache.catalina.startup.VersionLoggerListener.log Command line argument: -Dignore.endorsed.dirs=
15-May-2023 05:27:17.742 INFO [main] org.apache.catalina.startup.VersionLoggerListener.log Command line argument: -Dcatalina.base=/home/ec2-user/apache-tomcat-9.0.75
15-May-2023 05:27:17.742 INFO [main] org.apache.catalina.startup.VersionLoggerListener.log Command line argument: -Dcatalina.home=/home/ec2-user/apache-tomcat-9.0.75
15-May-2023 05:27:17.743 INFO [main] org.apache.catalina.startup.VersionLoggerListener.log Command line argument: -Djava.io.tmpdir=/home/ec2-user/apache-tomcat-9.0.75/temp
15-May-2023 05:27:17.745 INFO [main] org.apache.catalina.core.AprLifecycleListener.lifecycleEvent The Apache Tomcat Native library which allows using OpenSSL was not found on the java.library.path: [/usr/java/packages/lib/amd64:/usr/lib64:/lib64:/lib:/usr/lib]
15-May-2023 05:27:18.445 INFO [main] org.apache.coyote.AbstractProtocol.init Initializing ProtocolHandler ["http-nio-8080"]
15-May-2023 05:27:18.476 SEVERE [main] org.apache.catalina.util.LifecycleBase.handleSubClassException Failed to initialize component [Connector[HTTP/1.1-8080]]
	org.apache.catalina.LifecycleException: Protocol handler initialization failed
		at org.apache.catalina.connector.Connector.initInternal(Connector.java:1014)
		at org.apache.catalina.util.LifecycleBase.init(LifecycleBase.java:136)
		at org.apache.catalina.core.StandardService.initInternal(StandardService.java:549)
		at org.apache.catalina.util.LifecycleBase.init(LifecycleBase.java:136)
		at org.apache.catalina.core.StandardServer.initInternal(StandardServer.java:1028)
		at org.apache.catalina.util.LifecycleBase.init(LifecycleBase.java:136)
		at org.apache.catalina.startup.Catalina.load(Catalina.java:724)
		at org.apache.catalina.startup.Catalina.load(Catalina.java:746)
		at sun.reflect.NativeMethodAccessorImpl.invoke0(Native Method)
		at sun.reflect.NativeMethodAccessorImpl.invoke(NativeMethodAccessorImpl.java:62)
		at sun.reflect.DelegatingMethodAccessorImpl.invoke(DelegatingMethodAccessorImpl.java:43)
		at java.lang.reflect.Method.invoke(Method.java:498)
		at org.apache.catalina.startup.Bootstrap.load(Bootstrap.java:307)
		at org.apache.catalina.startup.Bootstrap.main(Bootstrap.java:477)
	Caused by: java.net.BindException: Address already in use
		at sun.nio.ch.Net.bind0(Native Method)
		at sun.nio.ch.Net.bind(Net.java:461)
		at sun.nio.ch.Net.bind(Net.java:453)
		at sun.nio.ch.ServerSocketChannelImpl.bind(ServerSocketChannelImpl.java:222)
		at org.apache.tomcat.util.net.NioEndpoint.initServerSocket(NioEndpoint.java:276)
		at org.apache.tomcat.util.net.NioEndpoint.bind(NioEndpoint.java:231)
		at org.apache.tomcat.util.net.AbstractEndpoint.bindWithCleanup(AbstractEndpoint.java:1302)
		at org.apache.tomcat.util.net.AbstractEndpoint.init(AbstractEndpoint.java:1315)
		at org.apache.coyote.AbstractProtocol.init(AbstractProtocol.java:652)
		at org.apache.coyote.http11.AbstractHttp11Protocol.init(AbstractHttp11Protocol.java:75)
		at org.apache.catalina.connector.Connector.initInternal(Connector.java:1012)
		... 13 more
15-May-2023 05:27:18.479 INFO [main] org.apache.catalina.startup.Catalina.load Server initialization in [1087] milliseconds
15-May-2023 05:27:18.554 INFO [main] org.apache.catalina.core.StandardService.startInternal Starting service [Catalina]
15-May-2023 05:27:18.554 INFO [main] org.apache.catalina.core.StandardEngine.startInternal Starting Servlet engine: [Apache Tomcat/9.0.75]
15-May-2023 05:27:18.579 INFO [main] org.apache.catalina.startup.HostConfig.deployDirectory Deploying web application directory [/home/ec2-user/apache-tomcat-9.0.75/webapps/ROOT]
15-May-2023 05:27:19.055 INFO [main] org.apache.catalina.startup.HostConfig.deployDirectory Deployment of web application directory [/home/ec2-user/apache-tomcat-9.0.75/webapps/ROOT] has finished in [476] ms
15-May-2023 05:27:19.056 INFO [main] org.apache.catalina.startup.HostConfig.deployDirectory Deploying web application directory [/home/ec2-user/apache-tomcat-9.0.75/webapps/docs]
15-May-2023 05:27:19.118 INFO [main] org.apache.catalina.startup.HostConfig.deployDirectory Deployment of web application directory [/home/ec2-user/apache-tomcat-9.0.75/webapps/docs] has finished in [62] ms
15-May-2023 05:27:19.119 INFO [main] org.apache.catalina.startup.HostConfig.deployDirectory Deploying web application directory [/home/ec2-user/apache-tomcat-9.0.75/webapps/examples]
15-May-2023 05:27:19.582 INFO [main] org.apache.catalina.startup.HostConfig.deployDirectory Deployment of web application directory [/home/ec2-user/apache-tomcat-9.0.75/webapps/examples] has finished in [464] ms
15-May-2023 05:27:19.583 INFO [main] org.apache.catalina.startup.HostConfig.deployDirectory Deploying web application directory [/home/ec2-user/apache-tomcat-9.0.75/webapps/host-manager]
15-May-2023 05:27:19.625 INFO [main] org.apache.catalina.startup.HostConfig.deployDirectory Deployment of web application directory [/home/ec2-user/apache-tomcat-9.0.75/webapps/host-manager] has finished in [41] ms
15-May-2023 05:27:19.626 INFO [main] org.apache.catalina.startup.HostConfig.deployDirectory Deploying web application directory [/home/ec2-user/apache-tomcat-9.0.75/webapps/manager]
15-May-2023 05:27:19.695 INFO [main] org.apache.catalina.startup.HostConfig.deployDirectory Deployment of web application directory [/home/ec2-user/apache-tomcat-9.0.75/webapps/manager] has finished in [69] ms
15-May-2023 05:27:19.714 INFO [main] org.apache.catalina.startup.Catalina.start Server startup in [1231] milliseconds
15-May-2023 05:27:19.716 SEVERE [main] org.apache.catalina.core.StandardServer.await Failed to create server shutdown socket on address [localhost] and port [8005] (base port [8005] and offset [0])
	java.net.BindException: Address already in use (Bind failed)
		at java.net.PlainSocketImpl.socketBind(Native Method)
		at java.net.AbstractPlainSocketImpl.bind(AbstractPlainSocketImpl.java:387)
		at java.net.ServerSocket.bind(ServerSocket.java:390)
		at java.net.ServerSocket.<init>(ServerSocket.java:252)
		at org.apache.catalina.core.StandardServer.await(StandardServer.java:580)
		at org.apache.catalina.startup.Catalina.await(Catalina.java:864)
		at org.apache.catalina.startup.Catalina.start(Catalina.java:810)
		at sun.reflect.NativeMethodAccessorImpl.invoke0(Native Method)
		at sun.reflect.NativeMethodAccessorImpl.invoke(NativeMethodAccessorImpl.java:62)
		at sun.reflect.DelegatingMethodAccessorImpl.invoke(DelegatingMethodAccessorImpl.java:43)
		at java.lang.reflect.Method.invoke(Method.java:498)
		at org.apache.catalina.startup.Bootstrap.start(Bootstrap.java:347)
		at org.apache.catalina.startup.Bootstrap.main(Bootstrap.java:478)
15-May-2023 05:27:19.716 INFO [main] org.apache.coyote.AbstractProtocol.pause Pausing ProtocolHandler ["http-nio-8080"]
15-May-2023 05:27:19.717 INFO [main] org.apache.catalina.core.StandardService.stopInternal Stopping service [Catalina]
15-May-2023 05:27:19.757 INFO [main] org.apache.coyote.AbstractProtocol.stop Stopping ProtocolHandler ["http-nio-8080"]
15-May-2023 05:27:19.758 INFO [main] org.apache.coyote.AbstractProtocol.destroy Destroying ProtocolHandler ["http-nio-8080"]
15-May-2023 06:21:12.274 INFO [http-nio-8080-exec-15] org.apache.coyote.http11.Http11Processor.service Error parsing HTTP request header
 Note: further occurrences of HTTP request parsing errors will be logged at DEBUG level.
	java.lang.IllegalArgumentException: Invalid character found in method name [0x160x030x010x00{0x010x000x00w0x030x03hO(0xe50xf60xe70xa30x15@@D0xdaQT0x050xd20xf3U0xc90xde0x090xa10xd9Xx0xfc0xa50xcf0xb3_0xac0x1e0x000x000x1a0xc0/0xc0+0xc00x110xc00x070xc00x130xc00x090xc00x140xc00x0a0x000x050x00/0x0050xc00x120x000x0a0x010x000x0040x000x050x000x050x010x000x000x000x000x000x0a0x000x080x000x060x000x170x000x180x000x190x000x0b0x000x020x010x000x000x0d0x000x100x000x0e0x040x010x040x030x020x010x020x030x040x010x050x010x060x010xff0x010x000x010x00...]. HTTP method names must be tokens
		at org.apache.coyote.http11.Http11InputBuffer.parseRequestLine(Http11InputBuffer.java:407)
		at org.apache.coyote.http11.Http11Processor.service(Http11Processor.java:263)
		at org.apache.coyote.AbstractProcessorLight.process(AbstractProcessorLight.java:63)
		at org.apache.coyote.AbstractProtocol$ConnectionHandler.process(AbstractProtocol.java:926)
		at org.apache.tomcat.util.net.NioEndpoint$SocketProcessor.doRun(NioEndpoint.java:1791)
		at org.apache.tomcat.util.net.SocketProcessorBase.run(SocketProcessorBase.java:52)
		at org.apache.tomcat.util.threads.ThreadPoolExecutor.runWorker(ThreadPoolExecutor.java:1191)
		at org.apache.tomcat.util.threads.ThreadPoolExecutor$Worker.run(ThreadPoolExecutor.java:659)
		at org.apache.tomcat.util.threads.TaskThread$WrappingRunnable.run(TaskThread.java:61)
		at java.lang.Thread.run(Thread.java:750)
15-May-2023 07:47:57.242 INFO [http-nio-8080-exec-12] org.apache.catalina.startup.HostConfig.deployWAR Deploying web application archive [/home/ec2-user/apache-tomcat-9.0.75/webapps/maven-web-app.war]
15-May-2023 07:47:57.289 INFO [http-nio-8080-exec-12] org.apache.catalina.startup.HostConfig.deployWAR Deployment of web application archive [/home/ec2-user/apache-tomcat-9.0.75/webapps/maven-web-app.war] has finished in [46] ms
15-May-2023 08:15:25.271 INFO [http-nio-8080-exec-12] org.apache.catalina.startup.HostConfig.deployWAR Deploying web application archive [/home/ec2-user/apache-tomcat-9.0.75/webapps/jsp_app.war]
15-May-2023 08:15:25.299 INFO [http-nio-8080-exec-12] org.apache.catalina.startup.HostConfig.deployWAR Deployment of web application archive [/home/ec2-user/apache-tomcat-9.0.75/webapps/jsp_app.war] has finished in [28] ms
15-May-2023 08:36:31.906 INFO [http-nio-8080-exec-13] org.apache.coyote.http11.Http11Processor.service Error parsing HTTP request header
 Note: further occurrences of HTTP request parsing errors will be logged at DEBUG level.
	java.lang.IllegalArgumentException: Invalid character found in method name [0x160x030x010x00{0x010x000x00w0x030x030xe10x030xa90x97<0xbeh{!0xfe}&0x900xfc0x910x8bP|I0x930x840x950xb70xf1{0xcda0xcd0xc9H0x980x100x000x000x1a0xc0/0xc0+0xc00x110xc00x070xc00x130xc00x090xc00x140xc00x0a0x000x050x00/0x0050xc00x120x000x0a0x010x000x0040x000x050x000x050x010x000x000x000x000x000x0a0x000x080x000x060x000x170x000x180x000x190x000x0b0x000x020x010x000x000x0d0x000x100x000x0e0x040x010x040x030x020x010x020x030x040x010x050x010x060x010xff0x010x000x010x00...]. HTTP method names must be tokens
		at org.apache.coyote.http11.Http11InputBuffer.parseRequestLine(Http11InputBuffer.java:407)
		at org.apache.coyote.http11.Http11Processor.service(Http11Processor.java:263)
		at org.apache.coyote.AbstractProcessorLight.process(AbstractProcessorLight.java:63)
		at org.apache.coyote.AbstractProtocol$ConnectionHandler.process(AbstractProtocol.java:926)
		at org.apache.tomcat.util.net.NioEndpoint$SocketProcessor.doRun(NioEndpoint.java:1791)
		at org.apache.tomcat.util.net.SocketProcessorBase.run(SocketProcessorBase.java:52)
		at org.apache.tomcat.util.threads.ThreadPoolExecutor.runWorker(ThreadPoolExecutor.java:1191)
		at org.apache.tomcat.util.threads.ThreadPoolExecutor$Worker.run(ThreadPoolExecutor.java:659)
		at org.apache.tomcat.util.threads.TaskThread$WrappingRunnable.run(TaskThread.java:61)
		at java.lang.Thread.run(Thread.java:750)
15-May-2023 09:01:59.769 INFO [http-nio-8080-exec-17] org.apache.catalina.startup.HostConfig.undeploy Undeploying context [/maven-web-app]
15-May-2023 09:01:59.781 INFO [http-nio-8080-exec-18] org.apache.catalina.startup.HostConfig.deployWAR Deploying web application archive [/home/ec2-user/apache-tomcat-9.0.75/webapps/maven-web-app.war]
15-May-2023 09:01:59.811 INFO [http-nio-8080-exec-18] org.apache.catalina.startup.HostConfig.deployWAR Deployment of web application archive [/home/ec2-user/apache-tomcat-9.0.75/webapps/maven-web-app.war] has finished in [30] ms
15-May-2023 09:05:27.242 INFO [http-nio-8080-exec-23] org.apache.catalina.startup.HostConfig.undeploy Undeploying context [/maven-web-app]
15-May-2023 09:05:27.259 INFO [http-nio-8080-exec-24] org.apache.catalina.startup.HostConfig.deployWAR Deploying web application archive [/home/ec2-user/apache-tomcat-9.0.75/webapps/maven-web-app.war]
15-May-2023 09:05:27.286 INFO [http-nio-8080-exec-24] org.apache.catalina.startup.HostConfig.deployWAR Deployment of web application archive [/home/ec2-user/apache-tomcat-9.0.75/webapps/maven-web-app.war] has finished in [27] ms
15-May-2023 09:14:37.899 INFO [http-nio-8080-exec-31] org.apache.catalina.startup.HostConfig.undeploy Undeploying context [/maven-web-app]
15-May-2023 09:14:37.905 INFO [http-nio-8080-exec-33] org.apache.catalina.startup.HostConfig.deployWAR Deploying web application archive [/home/ec2-user/apache-tomcat-9.0.75/webapps/maven-web-app.war]
15-May-2023 09:14:37.951 INFO [http-nio-8080-exec-33] org.apache.catalina.startup.HostConfig.deployWAR Deployment of web application archive [/home/ec2-user/apache-tomcat-9.0.75/webapps/maven-web-app.war] has finished in [46] ms
15-May-2023 09:40:15.997 INFO [http-nio-8080-exec-39] org.apache.catalina.startup.HostConfig.undeploy Undeploying context [/maven-web-app]
15-May-2023 09:40:16.009 INFO [http-nio-8080-exec-42] org.apache.catalina.startup.HostConfig.deployWAR Deploying web application archive [/home/ec2-user/apache-tomcat-9.0.75/webapps/maven-web-app.war]
15-May-2023 09:40:16.051 INFO [http-nio-8080-exec-42] org.apache.catalina.startup.HostConfig.deployWAR Deployment of web application archive [/home/ec2-user/apache-tomcat-9.0.75/webapps/maven-web-app.war] has finished in [42] ms
15-May-2023 12:01:11.236 INFO [Thread-2] org.apache.coyote.AbstractProtocol.pause Pausing ProtocolHandler ["http-nio-8080"]
15-May-2023 12:01:11.250 INFO [Thread-2] org.apache.catalina.core.StandardService.stopInternal Stopping service [Catalina]
15-May-2023 12:01:11.461 INFO [Thread-2] org.apache.coyote.AbstractProtocol.stop Stopping ProtocolHandler ["http-nio-8080"]
15-May-2023 12:01:11.497 INFO [Thread-2] org.apache.coyote.AbstractProtocol.destroy Destroying ProtocolHandler ["http-nio-8080"]
16-May-2023 13:44:33.392 INFO [main] org.apache.catalina.startup.VersionLoggerListener.log Server version name:   Apache Tomcat/9.0.75
16-May-2023 13:44:33.503 INFO [main] org.apache.catalina.startup.VersionLoggerListener.log Server built:          May 4 2023 13:04:05 UTC
16-May-2023 13:44:33.504 INFO [main] org.apache.catalina.startup.VersionLoggerListener.log Server version number: 9.0.75.0
16-May-2023 13:44:33.504 INFO [main] org.apache.catalina.startup.VersionLoggerListener.log OS Name:               Linux
16-May-2023 13:44:33.504 INFO [main] org.apache.catalina.startup.VersionLoggerListener.log OS Version:            6.1.25-37.47.amzn2023.x86_64
16-May-2023 13:44:33.504 INFO [main] org.apache.catalina.startup.VersionLoggerListener.log Architecture:          amd64
16-May-2023 13:44:33.505 INFO [main] org.apache.catalina.startup.VersionLoggerListener.log Java Home:             /usr/lib/jvm/java-1.8.0-amazon-corretto.x86_64/jre
16-May-2023 13:44:33.505 INFO [main] org.apache.catalina.startup.VersionLoggerListener.log JVM Version:           1.8.0_372-b07
16-May-2023 13:44:33.505 INFO [main] org.apache.catalina.startup.VersionLoggerListener.log JVM Vendor:            Amazon.com Inc.
16-May-2023 13:44:33.505 INFO [main] org.apache.catalina.startup.VersionLoggerListener.log CATALINA_BASE:         /home/ec2-user/apache-tomcat-9.0.75
16-May-2023 13:44:33.505 INFO [main] org.apache.catalina.startup.VersionLoggerListener.log CATALINA_HOME:         /home/ec2-user/apache-tomcat-9.0.75
16-May-2023 13:44:33.523 INFO [main] org.apache.catalina.startup.VersionLoggerListener.log Command line argument: -Djava.util.logging.config.file=/home/ec2-user/apache-tomcat-9.0.75/conf/logging.properties
16-May-2023 13:44:33.523 INFO [main] org.apache.catalina.startup.VersionLoggerListener.log Command line argument: -Djava.util.logging.manager=org.apache.juli.ClassLoaderLogManager
16-May-2023 13:44:33.523 INFO [main] org.apache.catalina.startup.VersionLoggerListener.log Command line argument: -Djdk.tls.ephemeralDHKeySize=2048
16-May-2023 13:44:33.523 INFO [main] org.apache.catalina.startup.VersionLoggerListener.log Command line argument: -Djava.protocol.handler.pkgs=org.apache.catalina.webresources
16-May-2023 13:44:33.523 INFO [main] org.apache.catalina.startup.VersionLoggerListener.log Command line argument: -Dorg.apache.catalina.security.SecurityListener.UMASK=0027
16-May-2023 13:44:33.524 INFO [main] org.apache.catalina.startup.VersionLoggerListener.log Command line argument: -Dignore.endorsed.dirs=
16-May-2023 13:44:33.524 INFO [main] org.apache.catalina.startup.VersionLoggerListener.log Command line argument: -Dcatalina.base=/home/ec2-user/apache-tomcat-9.0.75
16-May-2023 13:44:33.524 INFO [main] org.apache.catalina.startup.VersionLoggerListener.log Command line argument: -Dcatalina.home=/home/ec2-user/apache-tomcat-9.0.75
16-May-2023 13:44:33.524 INFO [main] org.apache.catalina.startup.VersionLoggerListener.log Command line argument: -Djava.io.tmpdir=/home/ec2-user/apache-tomcat-9.0.75/temp
16-May-2023 13:44:33.532 INFO [main] org.apache.catalina.core.AprLifecycleListener.lifecycleEvent The Apache Tomcat Native library which allows using OpenSSL was not found on the java.library.path: [/usr/java/packages/lib/amd64:/usr/lib64:/lib64:/lib:/usr/lib]
16-May-2023 13:44:35.300 INFO [main] org.apache.coyote.AbstractProtocol.init Initializing ProtocolHandler ["http-nio-8080"]
16-May-2023 13:44:35.373 INFO [main] org.apache.catalina.startup.Catalina.load Server initialization in [2681] milliseconds
16-May-2023 13:44:35.477 INFO [main] org.apache.catalina.core.StandardService.startInternal Starting service [Catalina]
16-May-2023 13:44:35.478 INFO [main] org.apache.catalina.core.StandardEngine.startInternal Starting Servlet engine: [Apache Tomcat/9.0.75]
16-May-2023 13:44:35.518 INFO [main] org.apache.catalina.startup.HostConfig.deployWAR Deploying web application archive [/home/ec2-user/apache-tomcat-9.0.75/webapps/jsp_app.war]
16-May-2023 13:44:36.112 INFO [main] org.apache.catalina.startup.HostConfig.deployWAR Deployment of web application archive [/home/ec2-user/apache-tomcat-9.0.75/webapps/jsp_app.war] has finished in [592] ms
16-May-2023 13:44:36.115 INFO [main] org.apache.catalina.startup.HostConfig.deployWAR Deploying web application archive [/home/ec2-user/apache-tomcat-9.0.75/webapps/maven-web-app.war]
16-May-2023 13:44:36.174 INFO [main] org.apache.catalina.startup.HostConfig.deployWAR Deployment of web application archive [/home/ec2-user/apache-tomcat-9.0.75/webapps/maven-web-app.war] has finished in [59] ms
16-May-2023 13:44:36.176 INFO [main] org.apache.catalina.startup.HostConfig.deployDirectory Deploying web application directory [/home/ec2-user/apache-tomcat-9.0.75/webapps/ROOT]
16-May-2023 13:44:36.203 INFO [main] org.apache.catalina.startup.HostConfig.deployDirectory Deployment of web application directory [/home/ec2-user/apache-tomcat-9.0.75/webapps/ROOT] has finished in [17] ms
16-May-2023 13:44:36.204 INFO [main] org.apache.catalina.startup.HostConfig.deployDirectory Deploying web application directory [/home/ec2-user/apache-tomcat-9.0.75/webapps/docs]
16-May-2023 13:44:36.261 INFO [main] org.apache.catalina.startup.HostConfig.deployDirectory Deployment of web application directory [/home/ec2-user/apache-tomcat-9.0.75/webapps/docs] has finished in [56] ms
16-May-2023 13:44:36.264 INFO [main] org.apache.catalina.startup.HostConfig.deployDirectory Deploying web application directory [/home/ec2-user/apache-tomcat-9.0.75/webapps/examples]
16-May-2023 13:44:37.092 INFO [main] org.apache.catalina.startup.HostConfig.deployDirectory Deployment of web application directory [/home/ec2-user/apache-tomcat-9.0.75/webapps/examples] has finished in [829] ms
16-May-2023 13:44:37.094 INFO [main] org.apache.catalina.startup.HostConfig.deployDirectory Deploying web application directory [/home/ec2-user/apache-tomcat-9.0.75/webapps/host-manager]
16-May-2023 13:44:37.145 INFO [main] org.apache.catalina.startup.HostConfig.deployDirectory Deployment of web application directory [/home/ec2-user/apache-tomcat-9.0.75/webapps/host-manager] has finished in [50] ms
16-May-2023 13:44:37.146 INFO [main] org.apache.catalina.startup.HostConfig.deployDirectory Deploying web application directory [/home/ec2-user/apache-tomcat-9.0.75/webapps/manager]
16-May-2023 13:44:37.188 INFO [main] org.apache.catalina.startup.HostConfig.deployDirectory Deployment of web application directory [/home/ec2-user/apache-tomcat-9.0.75/webapps/manager] has finished in [42] ms
16-May-2023 13:44:37.198 INFO [main] org.apache.coyote.AbstractProtocol.start Starting ProtocolHandler ["http-nio-8080"]
16-May-2023 13:44:37.256 INFO [main] org.apache.catalina.startup.Catalina.start Server startup in [1882] milliseconds
